{
  "id": 1,
  "jsonrpc": "2.0",
  "result": {
    "blockTime": 1675855074,
    "meta": {
      "err": null,
      "fee": 5000,
      "innerInstructions": [],
      "loadedAddresses": {
        "readonly": [],
        "writable": []
      },
      "logMessages": [
        "Program Vote111111111111111111111111111111111111111 invoke [1]",
        "Program Vote111111111111111111111111111111111111111 success"
      ],
      "postBalances": [
        187210631483,
        8479041258070,
        1169280,
        143487360,
        1
      ],
      "postTokenBalances": [],
      "preBalances": [
        187210636483,
        8479041258070,
        1169280,
        143487360,
        1
      ],
      "preTokenBalances": [],
      "rewards": [],
      "status": {
        "Ok": null
      }
    },
    "slot": 176688001,
    "transaction": {
      "message": {
        "accountKeys": [
          "7QQGNm3ptwinipDCyaCF7jY5katgmFUu1ieP2f7nwLpE",
          "8BMMDVM8Tb88a2Hx1VSZ1TKmH1rMHbVU7xVafMk9JrEW",
          "SysvarC1ock11111111111111111111111111111111",
          "SysvarS1otHashes111111111111111111111111111",
          "Vote111111111111111111111111111111111111111"
        ],
        "header": {
          "numReadonlySignedAccounts": 0,
          "numReadonlyUnsignedAccounts": 3,
          "numRequiredSignatures": 1
        },
        "instructions": [
          {
            "accounts": [
              1,
              3,
              2,
              0
            ],
            "data": "rTDbDtm67JPw9Wo7Xtme16dY71H2kqeWjtY6U4CXQM3ChgNKZoLHmZHxL2TffySX88mvP7aa1W846SLJP5mE1dBHFsWcBhqQGKp5KctP",
            "programIdIndex": 4
          }
        ],
        "recentBlockhash": "FPXfqpRQELVx6y141nvngXC3uwZGJoBbcsNCxU8eZ6Am"
      },
      "signatures": [
        "3Nf3yaVfDyTNenMmuThD9d86eHXNkHVLcpADd8T393W5DqFZZMTQTVitNcHcg3AU6U6MDWpjvtzBdGjmXdVY6Mqe"
      ]
    }
  }
}
{
  "id": 1,
  "jsonrpc": "2.0",
  "result": {
    "blockTime": 1675855074,
    "meta": {
      "err": null,
      "fee": 5000,
      "innerInstructions": [],
      "loadedAddresses": {
        "readonly": [],
        "writable": []
      },
      "logMessages": [
        "Program Vote111111111111111111111111111111111111111 invoke [1]",
        "Program Vote111111111111111111111111111111111111111 success"
      ],
      "postBalances": [
        31342019139,
        53939697239,
        1169280,
        143487360,
        1
      ],
      "postTokenBalances": [],
      "preBalances": [
        31342024139,
        53939697239,
        1169280,
        143487360,
        1
      ],
      "preTokenBalances": [],
      "rewards": [],
      "status": {
        "Ok": null
      }
    },
    "slot": 176688001,
    "transaction": {
      "message": {
        "accountKeys": [
          "Ei8VLKR3chZAhJzWwj8PopeuedpQiths2ovVCQ2BCvK7",
          "8RDsLp5kLZEt2swpKne8JuZAN6PFRX1ak29Hci2DT1Xa",
          "SysvarC1ock11111111111111111111111111111111",
          "SysvarS1otHashes111111111111111111111111111",
          "Vote111111111111111111111111111111111111111"
        ],
        "header": {
          "numReadonlySignedAccounts": 0,
          "numReadonlyUnsignedAccounts": 3,
          "numRequiredSignatures": 1
        },
        "instructions": [
          {
            "accounts": [
              1,
              3,
              2,
              0
            ],
            "data": "2ZjTR1vUs2pHXyTMAnJswXyseZpCrqRYHZop67bu3kGbrUmC5XNE7nzahjoRPhJcgy6j8uwnCd2tZRG2YY7",
            "programIdIndex": 4
          }
        ],
        "recentBlockhash": "Apd28ivqyBG6cDRRAeGxfXag7a196V4oXJKVbepKZ9dX"
      },
      "signatures": [
        "5nsnnYUzMkVtcosod3kcB4ocf4uAkCMqDCVJsMfe98WtRikWovB1EeWWTh5wmnFCBzhUcJxs7B7hpoQ7VUEro853"
      ]
    }
  }
}
{
  "error": {
    "code": 429,
    "message": "Too many requests for a specific RPC call, contact your app developer or support@rpcpool.com."
  },
  "id": 1,
  "jsonrpc": "2.0"
}
{
  "error": {
    "code": 429,
    "message": "Too many requests for a specific RPC call, contact your app developer or support@rpcpool.com."
  },
  "id": 1,
  "jsonrpc": "2.0"
}
{
  "error": {
    "code": 429,
    "message": "Too many requests for a specific RPC call, contact your app developer or support@rpcpool.com."
  },
  "id": 1,
  "jsonrpc": "2.0"
}
{
  "error": {
    "code": 429,
    "message": "Too many requests for a specific RPC call, contact your app developer or support@rpcpool.com."
  },
  "id": 1,
  "jsonrpc": "2.0"
}
